0 info it worked if it ends with ok
1 verbose cli [ 'C:\\Program Files\\nodejs\\node.exe',
1 verbose cli   'C:\\Program Files\\nodejs\\node_modules\\npm\\bin\\npm-cli.js',
1 verbose cli   'start' ]
2 info using npm@4.1.2
3 info using node@v7.7.2
4 verbose run-script [ 'prestart', 'start', 'poststart' ]
5 info lifecycle web@0.0.0~prestart: web@0.0.0
6 silly lifecycle web@0.0.0~prestart: no script for prestart, continuing
7 info lifecycle web@0.0.0~start: web@0.0.0
8 verbose lifecycle web@0.0.0~start: unsafe-perm in lifecycle true
9 verbose lifecycle web@0.0.0~start: PATH: C:\Users\felix_2\AppData\Roaming\nvm\v7.7.2\node_modules\npm\bin\node-gyp-bin;C:\Users\felix_2\Documents\Unterricht_HSR\SEM_4\Module\Engineering_Projekt\WEB-CODE-19.05\web\node_modules\.bin;C:\Users\felix_2\bin;C:\Program Files\Git\mingw64\bin;C:\Program Files\Git\usr\local\bin;C:\Program Files\Git\usr\bin;C:\Program Files\Git\usr\bin;C:\Program Files\Git\mingw64\bin;C:\Program Files\Git\usr\bin;C:\Users\felix_2\bin;C:\ProgramData\Oracle\Java\javapath;C:\Users\felix_2\Documents\Unterricht_HSR\SEM_4\Module\Verteilte-SW-Systeme\übungen\Woche_03\Installation_Files\apache-maven-3.3.9\bin;C:\Users\felix_2\AppData\Roaming\nvm;C:\Program Files\nodejs;C:\Program Files\Microsoft SQL Server\130\Tools\Binn;C:\Program Files\dotnet;C:\Ruby23-x64\bin;C:\Program Files\PostgreSQL\9.3\bin;C:\Users\felix_2\AppData\Roaming\npm;C:\Program Files\Java\jdk1.8.0_51\bin;C:\Users\felix_2\AppData\Roaming\nvm;C:\Program Files\nodejs;C:\Program Files (x86)\apache-maven-3.3.9\bin;C:\Program Files\Git\usr\bin\vendor_perl;C:\Program Files\Git\usr\bin\core_perl
10 verbose lifecycle web@0.0.0~start: CWD: C:\Users\felix_2\Documents\Unterricht_HSR\SEM_4\Module\Engineering_Projekt\WEB-CODE-19.05\web
11 silly lifecycle web@0.0.0~start: Args: [ '/d /s /c', 'node ./bin/www' ]
12 silly lifecycle web@0.0.0~start: Returned: code: 1  signal: null
13 info lifecycle web@0.0.0~start: Failed to exec start script
14 verbose stack Error: web@0.0.0 start: `node ./bin/www`
14 verbose stack Exit status 1
14 verbose stack     at EventEmitter.<anonymous> (C:\Users\felix_2\AppData\Roaming\nvm\v7.7.2\node_modules\npm\lib\utils\lifecycle.js:279:16)
14 verbose stack     at emitTwo (events.js:106:13)
14 verbose stack     at EventEmitter.emit (events.js:194:7)
14 verbose stack     at ChildProcess.<anonymous> (C:\Users\felix_2\AppData\Roaming\nvm\v7.7.2\node_modules\npm\lib\utils\spawn.js:40:14)
14 verbose stack     at emitTwo (events.js:106:13)
14 verbose stack     at ChildProcess.emit (events.js:194:7)
14 verbose stack     at maybeClose (internal/child_process.js:899:16)
14 verbose stack     at Process.ChildProcess._handle.onexit (internal/child_process.js:226:5)
15 verbose pkgid web@0.0.0
16 verbose cwd C:\Users\felix_2\Documents\Unterricht_HSR\SEM_4\Module\Engineering_Projekt\WEB-CODE-19.05\web
17 error Windows_NT 6.3.9600
18 error argv "C:\\Program Files\\nodejs\\node.exe" "C:\\Program Files\\nodejs\\node_modules\\npm\\bin\\npm-cli.js" "start"
19 error node v7.7.2
20 error npm  v4.1.2
21 error code ELIFECYCLE
22 error web@0.0.0 start: `node ./bin/www`
22 error Exit status 1
23 error Failed at the web@0.0.0 start script 'node ./bin/www'.
23 error Make sure you have the latest version of node.js and npm installed.
23 error If you do, this is most likely a problem with the web package,
23 error not with npm itself.
23 error Tell the author that this fails on your system:
23 error     node ./bin/www
23 error You can get information on how to open an issue for this project with:
23 error     npm bugs web
23 error Or if that isn't available, you can get their info via:
23 error     npm owner ls web
23 error There is likely additional logging output above.
24 verbose exit [ 1, true ]
